info(vaxis): pixel mouse capability detected
info(vaxis): unicode capability detected
info(vaxis): color_scheme_updates capability detected
info(vaxis): kitty keyboard capability detected
info(vaxis): kitty graphics capability detected
debug(vaxis): enabling mouse mode: pixel coordinates
debug(vaxis): resizing screen: width=268 height=60
debug(vaxis): resizing screen: width=268 height=60
thread 141828 panic: index out of bounds: index 5, len 5
/Users/jackkilrain/Desktop/Projects/zig/Flow/src/flow.zig:166:92: 0x102138beb in shiftCursorRow (flow)
        self.vx.screen.cursor_col = @min(self.vx.screen.cursor_col, self.window_lines.items[self.vx.screen.cursor_row].items.len);
                                                                                           ^
/Users/jackkilrain/Desktop/Projects/zig/Flow/src/flow.zig:182:32: 0x102138e04 in shiftCursorCol (flow)
        try self.shiftCursorRow(shift_factor);
                               ^
/Users/jackkilrain/Desktop/Projects/zig/Flow/src/flow.zig:254:40: 0x102139071 in handleModeInsert (flow)
                try self.shiftCursorCol(1);
                                       ^
/Users/jackkilrain/Desktop/Projects/zig/Flow/src/flow.zig:299:49: 0x10213d354 in update (flow)
                .INSERT => self.handleModeInsert(key),
                                                ^
/Users/jackkilrain/Desktop/Projects/zig/Flow/src/flow.zig:103:32: 0x1021546fb in run (flow)
                try self.update(event);
                               ^
/Users/jackkilrain/Desktop/Projects/zig/Flow/src/main.zig:31:16: 0x102154d65 in main (flow)
    try app.run();
               ^
/usr/local/Cellar/zig/0.13.0/lib/zig/std/start.zig:524:37: 0x1021558bb in main (flow)
            const result = root.main() catch |err| {
                                    ^
???:?:?: 0x7ff8126b92cc in ??? (???)
Unwind information for `???:0x7ff8126b92cc` was not available, trace may be incomplete

???:?:?: 0x0 in ??? (???)
