info(vaxis): pixel mouse capability detected
info(vaxis): unicode capability detected
info(vaxis): color_scheme_updates capability detected
info(vaxis): kitty keyboard capability detected
info(vaxis): kitty graphics capability detected
debug(vaxis): enabling mouse mode: pixel coordinates
debug(vaxis): resizing screen: width=268 height=60
debug(vaxis): resizing screen: width=268 height=60
thread 265909 panic: index out of bounds: index 6, len 6
/Users/jackkilrain/Desktop/Projects/zig/Flow/src/flow.zig:190:64: 0x10b010138 in shiftCursorRow (flow)
        return @as(*std.ArrayList(u8), &self.window_lines.items[self.vx.screen.cursor_row]);
                                                               ^
/Users/jackkilrain/Desktop/Projects/zig/Flow/src/flow.zig:308:40: 0x10b0113f0 in handleModeInsert (flow)
                try self.shiftCursorRow(1, ClampMode.NONE);
                                       ^
/Users/jackkilrain/Desktop/Projects/zig/Flow/src/flow.zig:422:57: 0x10b015cd4 in update (flow)
                TextMode.INSERT => self.handleModeInsert(key),
                                                        ^
/Users/jackkilrain/Desktop/Projects/zig/Flow/src/flow.zig:122:32: 0x10b02d6f4 in run (flow)
                try self.update(event);
                               ^
/Users/jackkilrain/Desktop/Projects/zig/Flow/src/main.zig:31:16: 0x10b02dd65 in main (flow)
    try app.run();
               ^
/usr/local/Cellar/zig/0.13.0/lib/zig/std/start.zig:524:37: 0x10b02e8db in main (flow)
            const result = root.main() catch |err| {
                                    ^
???:?:?: 0x7ff81a7302cc in ??? (???)
Unwind information for `???:0x7ff81a7302cc` was not available, trace may be incomplete

???:?:?: 0x0 in ??? (???)
